Removed Pin From Net: NetName=SWDIO Pin=SW1-1
Removed Pin From Net: NetName=SWDIO_ISOL Pin=SW1-2
Removed Pin From Net: NetName=SWCLK Pin=SW2-1
Removed Pin From Net: NetName=SWCLK_ISOL Pin=SW2-2
Removed Pin From Net: NetName=SWO Pin=SW3-1
Removed Pin From Net: NetName=SWO_ISOL Pin=SW3-2
Removed Pin From Net: NetName=RST Pin=SW4-1
Removed Pin From Net: NetName=RST_ISOL Pin=SW4-2
Removed Pin From Net: NetName=GND Pin=SW5-1
Removed Pin From Net: NetName=GND_IS Pin=SW5-2
Removed Pin From Net: NetName=3V3 Pin=SW6-1
Removed Pin From Net: NetName=3V3_ISOL Pin=SW6-2
Added Pin To Net: NetName=SWDIO_ISOL Pin=SW1-1
Added Pin To Net: NetName=SWDIO Pin=SW1-2
Added Pin To Net: NetName=SWCLK_ISOL Pin=SW2-1
Added Pin To Net: NetName=SWCLK Pin=SW2-2
Added Pin To Net: NetName=SWO_ISOL Pin=SW3-1
Added Pin To Net: NetName=SWO Pin=SW3-2
Added Pin To Net: NetName=RST_ISOL Pin=SW4-1
Added Pin To Net: NetName=RST Pin=SW4-2
Added Pin To Net: NetName=GND_IS Pin=SW5-1
Added Pin To Net: NetName=GND Pin=SW5-2
Added Pin To Net: NetName=3V3_ISOL Pin=SW6-1
Added Pin To Net: NetName=3V3 Pin=SW6-2
